arise_alarm_app/build/app/intermediates/manifest_merge_blame_file/debug/manifest-merger-blame-debug-report.txt
1<?xml version="1.0" encoding="utf-8"?>
2<manifest xmlns:android="http://schemas.android.com/apk/res/android"
3    package="com.example.arise_alarm_app"
4    android:versionCode="1"
5    android:versionName="1.0.0" >
6
7    <uses-sdk
8        android:minSdkVersion="19"
9        android:targetSdkVersion="33" />
10    <!--
11         The INTERNET permission is required for development. Specifically,
12         the Flutter tool needs it to communicate with the running application
13         to allow setting breakpoints, to provide hot reload, etc.
14    -->
15    <uses-permission android:name="android.permission.INTERNET" />
15-->src\debug\AndroidManifest.xml:6:5-66
15-->src\debug\AndroidManifest.xml:6:22-64
16    <uses-permission android:name="android.permission.RECEIVE_BOOT_COMPLETED" />
16-->src\main\AndroidManifest.xml:3:5-80
16-->src\main\AndroidManifest.xml:3:22-78
17    <uses-permission android:name="android.permission.WAKE_LOCK" />
17-->src\main\AndroidManifest.xml:4:5-67
17-->src\main\AndroidManifest.xml:4:22-65
18    <uses-permission android:name="android.permission.VIBRATE" />
18-->src\main\AndroidManifest.xml:5:5-65
18-->src\main\AndroidManifest.xml:5:22-63
19    <uses-permission android:name="android.permission.USE_FULL_SCREEN_INTENT" />
19-->src\main\AndroidManifest.xml:6:5-80
19-->src\main\AndroidManifest.xml:6:22-78
20    <uses-permission android:name="android.permission.FOREGROUND_SERVICE" />
20-->src\main\AndroidManifest.xml:7:5-77
20-->src\main\AndroidManifest.xml:7:22-74
21    <uses-permission android:name="android.permission.ACCESS_NOTIFICATION_POLICY" />
21-->src\main\AndroidManifest.xml:8:5-85
21-->src\main\AndroidManifest.xml:8:22-82
22    <uses-permission android:name="android.permission.POST_NOTIFICATIONS" />
22-->src\main\AndroidManifest.xml:9:5-77
22-->src\main\AndroidManifest.xml:9:22-74
23    <uses-permission android:name="android.permission.READ_EXTERNAL_STORAGE" />
23-->src\main\AndroidManifest.xml:10:5-79
23-->src\main\AndroidManifest.xml:10:22-77
24    <uses-permission android:name="android.permission.FOREGROUND_SERVICE_MEDIA_PLAYBACK" />
24-->src\main\AndroidManifest.xml:11:5-91
24-->src\main\AndroidManifest.xml:11:22-89
25    <uses-permission android:name="android.permission.USE_EXACT_ALARM" />
25-->src\main\AndroidManifest.xml:12:5-73
25-->src\main\AndroidManifest.xml:12:22-71
26    <uses-permission android:name="android.permission.SCHEDULE_EXACT_ALARM" />
26-->src\main\AndroidManifest.xml:13:5-78
26-->src\main\AndroidManifest.xml:13:22-76
27    <!--
28 Required to query activities that can process text, see:
29         https://developer.android.com/training/package-visibility?hl=en and
30         https://developer.android.com/reference/android/content/Intent#ACTION_PROCESS_TEXT.
31
32         In particular, this is used by the Flutter engine in io.flutter.plugin.text.ProcessTextPlugin.
33    -->
34    <queries>
34-->src\main\AndroidManifest.xml:59:5-64:15
35        <intent>
35-->src\main\AndroidManifest.xml:60:9-63:18
36            <action android:name="android.intent.action.PROCESS_TEXT" />
36-->src\main\AndroidManifest.xml:61:13-72
36-->src\main\AndroidManifest.xml:61:21-70
37
38            <data android:mimeType="text/plain" />
38-->src\main\AndroidManifest.xml:62:13-50
38-->src\main\AndroidManifest.xml:62:19-48
39        </intent>
40    </queries>
41
42    <application
43        android:name="android.app.Application"
44        android:appComponentFactory="androidx.core.app.CoreComponentFactory"
44-->[androidx.core:core:1.6.0] AndroidManifest.xml:24:18-86
45        android:debuggable="true"
46        android:icon="@mipmap/ic_launcher"
47        android:label="arise_alarm_app" >
48        <service android:name="com.gdelataillade.alarm.services.NotificationOnKillService" />
49
50        <activity
51            android:name="com.example.arise_alarm_app.MainActivity"
52            android:configChanges="orientation|keyboardHidden|keyboard|screenSize|smallestScreenSize|locale|layoutDirection|fontScale|screenLayout|density|uiMode"
53            android:exported="true"
54            android:hardwareAccelerated="true"
55            android:launchMode="singleTop"
56            android:showWhenLocked="true"
57            android:theme="@style/LaunchTheme"
58            android:turnScreenOn="true"
59            android:windowSoftInputMode="adjustResize" >
60
61            <!--
62                 Specifies an Android theme to apply to this Activity as soon as
63                 the Android process has started. This theme is visible to the user
64                 while the Flutter UI initializes. After that, this theme continues
65                 to determine the Window background behind the Flutter UI.
66            -->
67            <meta-data
68                android:name="io.flutter.embedding.android.NormalTheme"
69                android:resource="@style/NormalTheme" />
70
71            <intent-filter>
72                <action android:name="android.intent.action.MAIN" />
73
74                <category android:name="android.intent.category.LAUNCHER" />
75            </intent-filter>
76        </activity>
77        <!--
78             Don't delete the meta-data below.
79             This is used by the Flutter tool to generate GeneratedPluginRegistrant.java
80        -->
81        <meta-data
82            android:name="flutterEmbedding"
83            android:value="2" />
84
85        <receiver android:name="com.gdelataillade.alarm.alarm.AlarmReceiver" />
85-->[:alarm] AndroidManifest.xml:22:9-80
85-->[:alarm] AndroidManifest.xml:22:19-77
86
87        <service
87-->[:alarm] AndroidManifest.xml:24:9-28:19
88            android:name="com.gdelataillade.alarm.alarm.AlarmService"
88-->[:alarm] AndroidManifest.xml:25:13-70
89            android:exported="false"
89-->[:alarm] AndroidManifest.xml:26:13-37
90            android:foregroundServiceType="mediaPlayback" >
90-->[:alarm] AndroidManifest.xml:27:13-58
91        </service>
92
93        <uses-library
93-->[androidx.window:window:1.0.0-beta04] AndroidManifest.xml:25:9-27:40
94            android:name="androidx.window.extensions"
94-->[androidx.window:window:1.0.0-beta04] AndroidManifest.xml:26:13-54
95            android:required="false" />
95-->[androidx.window:window:1.0.0-beta04] AndroidManifest.xml:27:13-37
96        <uses-library
96-->[androidx.window:window:1.0.0-beta04] AndroidManifest.xml:28:9-30:40
97            android:name="androidx.window.sidecar"
97-->[androidx.window:window:1.0.0-beta04] AndroidManifest.xml:29:13-51
98            android:required="false" />
98-->[androidx.window:window:1.0.0-beta04] AndroidManifest.xml:30:13-37
99
100        <provider
100-->[androidx.lifecycle:lifecycle-process:2.2.0] AndroidManifest.xml:25:9-29:43
101            android:name="androidx.lifecycle.ProcessLifecycleOwnerInitializer"
101-->[androidx.lifecycle:lifecycle-process:2.2.0] AndroidManifest.xml:26:13-79
102            android:authorities="com.example.arise_alarm_app.lifecycle-process"
102-->[androidx.lifecycle:lifecycle-process:2.2.0] AndroidManifest.xml:27:13-69
103            android:exported="false"
103-->[androidx.lifecycle:lifecycle-process:2.2.0] AndroidManifest.xml:28:13-37
104            android:multiprocess="true" />
104-->[androidx.lifecycle:lifecycle-process:2.2.0] AndroidManifest.xml:29:13-40
105    </application>
106
107</manifest>